2022-09-05 16:32:35.507  INFO [file-service,,,] 31848 --- [Thread-18] o.s.a.r.l.SimpleMessageListenerContainer : Waiting for workers to finish.
2022-09-05 16:32:36.029  INFO [file-service,,,] 31848 --- [Thread-18] o.s.a.r.l.SimpleMessageListenerContainer : Successfully waited for workers to finish.
2022-09-05 16:32:36.030  INFO [file-service,,,] 31848 --- [Thread-18] o.s.i.a.i.AmqpInboundChannelAdapter      : stopped inbound.springCloudBus.anonymous.sQ7hY29YSdWKfNT-A3xuLQ
2022-09-05 16:32:36.044  INFO [file-service,,,] 31848 --- [Thread-18] o.s.c.stream.binder.BinderErrorChannel   : Channel 'file-service-1.springCloudBus.anonymous.sQ7hY29YSdWKfNT-A3xuLQ.errors' has 1 subscriber(s).
2022-09-05 16:32:36.044  INFO [file-service,,,] 31848 --- [Thread-18] o.s.c.stream.binder.BinderErrorChannel   : Channel 'file-service-1.springCloudBus.anonymous.sQ7hY29YSdWKfNT-A3xuLQ.errors' has 0 subscriber(s).
2022-09-05 16:32:36.127  INFO [file-service,,,] 31848 --- [Thread-18] o.s.i.endpoint.EventDrivenConsumer       : Removing {logging-channel-adapter:_org.springframework.integration.errorLogger} as a subscriber to the 'errorChannel' channel
2022-09-05 16:32:36.128  INFO [file-service,,,] 31848 --- [Thread-18] o.s.i.channel.PublishSubscribeChannel    : Channel 'file-service-1.errorChannel' has 0 subscriber(s).
2022-09-05 16:32:36.128  INFO [file-service,,,] 31848 --- [Thread-18] o.s.i.endpoint.EventDrivenConsumer       : stopped _org.springframework.integration.errorLogger
2022-09-05 16:32:36.174  INFO [file-service,,,] 31848 --- [Thread-18] c.a.c.n.registry.NacosServiceRegistry    : De-registering from Nacos Server now...
2022-09-05 16:32:36.177  INFO [file-service,,,] 31848 --- [Thread-18] com.alibaba.nacos.client.naming          : [BEAT] removing beat: DEFAULT_GROUP@@file-service:192.168.31.213:8011 from beat map.
2022-09-05 16:32:36.178  INFO [file-service,,,] 31848 --- [Thread-18] com.alibaba.nacos.client.naming          : [DEREGISTER-SERVICE] public deregistering service DEFAULT_GROUP@@file-service with instance: {"clusterName":"DEFAULT","enabled":true,"ephemeral":true,"healthy":true,"instanceHeartBeatInterval":5000,"instanceHeartBeatTimeOut":15000,"ip":"192.168.31.213","ipDeleteTimeout":30000,"metadata":{},"port":8011,"weight":1.0}
2022-09-05 16:32:36.192  INFO [file-service,,,] 31848 --- [Thread-18] c.a.c.n.registry.NacosServiceRegistry    : De-registration finished.
2022-09-05 16:32:36.206  INFO [file-service,,,] 31848 --- [Thread-18] o.s.s.concurrent.ThreadPoolTaskExecutor  : Shutting down ExecutorService 'applicationTaskExecutor'
2022-09-05 16:32:36.230  INFO [file-service,,,] 31848 --- [Thread-18] o.s.s.c.ThreadPoolTaskScheduler          : Shutting down ExecutorService 'taskScheduler'
2022-09-05 16:32:36.932  INFO [file-service,,,] 31848 --- [Thread-18] o.s.i.monitor.IntegrationMBeanExporter   : Summary on shutdown: errorChannel
2022-09-05 16:32:36.932  INFO [file-service,,,] 31848 --- [Thread-18] o.s.i.monitor.IntegrationMBeanExporter   : Summary on shutdown: springCloudBusInput
2022-09-05 16:32:36.932  INFO [file-service,,,] 31848 --- [Thread-18] o.s.i.monitor.IntegrationMBeanExporter   : Summary on shutdown: springCloudBusOutput
2022-09-05 16:32:36.932  INFO [file-service,,,] 31848 --- [Thread-18] o.s.i.monitor.IntegrationMBeanExporter   : Summary on shutdown: nullChannel
2022-09-05 16:32:36.932  INFO [file-service,,,] 31848 --- [Thread-18] o.s.i.monitor.IntegrationMBeanExporter   : Summary on shutdown: springCloudBus.anonymous.sQ7hY29YSdWKfNT-A3xuLQ.errors
2022-09-05 16:32:36.932  INFO [file-service,,,] 31848 --- [Thread-18] o.s.i.monitor.IntegrationMBeanExporter   : Summary on shutdown: org.springframework.cloud.stream.binding.StreamListenerMessageHandler@60187172
2022-09-05 16:32:36.932  INFO [file-service,,,] 31848 --- [Thread-18] o.s.i.monitor.IntegrationMBeanExporter   : Summary on shutdown: _org.springframework.integration.errorLogger.handler
2022-09-05 20:36:51.113  INFO [file-service,,,] 44660 --- [restartedMain] b.c.PropertySourceBootstrapConfiguration : Located property source: CompositePropertySource {name='NACOS', propertySources=[NacosPropertySource {name='file-service.yml'}]}
2022-09-05 20:36:51.150  INFO [file-service,,,] 44660 --- [restartedMain] c.y.m.f.FileServiceApplication           : No active profile set, falling back to default profiles: default
2022-09-05 20:36:51.770  WARN [file-service,,,] 44660 --- [restartedMain] o.s.boot.actuate.endpoint.EndpointId     : Endpoint ID 'nacos-config' contains invalid characters, please migrate to a valid format.
2022-09-05 20:36:51.772  WARN [file-service,,,] 44660 --- [restartedMain] o.s.boot.actuate.endpoint.EndpointId     : Endpoint ID 'nacos-discovery' contains invalid characters, please migrate to a valid format.
2022-09-05 20:36:51.839  WARN [file-service,,,] 44660 --- [restartedMain] o.s.boot.actuate.endpoint.EndpointId     : Endpoint ID 'bus-env' contains invalid characters, please migrate to a valid format.
2022-09-05 20:36:51.841  WARN [file-service,,,] 44660 --- [restartedMain] o.s.boot.actuate.endpoint.EndpointId     : Endpoint ID 'bus-refresh' contains invalid characters, please migrate to a valid format.
2022-09-05 20:36:51.963  INFO [file-service,,,] 44660 --- [restartedMain] .s.d.r.c.RepositoryConfigurationDelegate : Multiple Spring Data modules found, entering strict repository configuration mode!
2022-09-05 20:36:51.964  INFO [file-service,,,] 44660 --- [restartedMain] .s.d.r.c.RepositoryConfigurationDelegate : Bootstrapping Spring Data repositories in DEFAULT mode.
2022-09-05 20:36:51.982  INFO [file-service,,,] 44660 --- [restartedMain] .s.d.r.c.RepositoryConfigurationDelegate : Finished Spring Data repository scanning in 7ms. Found 0 repository interfaces.
2022-09-05 20:36:52.031  WARN [file-service,,,] 44660 --- [restartedMain] o.s.boot.actuate.endpoint.EndpointId     : Endpoint ID 'service-registry' contains invalid characters, please migrate to a valid format.
2022-09-05 20:36:52.254  INFO [file-service,,,] 44660 --- [restartedMain] o.s.cloud.context.scope.GenericScope     : BeanFactory id=db3aaeeb-ba34-3871-98af-4f85c0ae06fa
2022-09-05 20:36:52.268  INFO [file-service,,,] 44660 --- [restartedMain] faultConfiguringBeanFactoryPostProcessor : No bean named 'errorChannel' has been explicitly defined. Therefore, a default PublishSubscribeChannel will be created.
2022-09-05 20:36:52.273  INFO [file-service,,,] 44660 --- [restartedMain] faultConfiguringBeanFactoryPostProcessor : No bean named 'taskScheduler' has been explicitly defined. Therefore, a default ThreadPoolTaskScheduler will be created.
2022-09-05 20:36:52.278  INFO [file-service,,,] 44660 --- [restartedMain] faultConfiguringBeanFactoryPostProcessor : No bean named 'integrationHeaderChannelRegistry' has been explicitly defined. Therefore, a default DefaultHeaderChannelRegistry will be created.
2022-09-05 20:36:52.472  INFO [file-service,,,] 44660 --- [restartedMain] trationDelegate$BeanPostProcessorChecker : Bean 'org.springframework.cloud.stream.config.BindersHealthIndicatorAutoConfiguration' of type [org.springframework.cloud.stream.config.BindersHealthIndicatorAutoConfiguration$$EnhancerBySpringCGLIB$$6ad0eac3] is not eligible for getting processed by all BeanPostProcessors (for example: not eligible for auto-proxying)
2022-09-05 20:36:52.481  INFO [file-service,,,] 44660 --- [restartedMain] trationDelegate$BeanPostProcessorChecker : Bean 'bindersHealthIndicator' of type [org.springframework.boot.actuate.health.CompositeHealthIndicator] is not eligible for getting processed by all BeanPostProcessors (for example: not eligible for auto-proxying)
2022-09-05 20:36:52.485  INFO [file-service,,,] 44660 --- [restartedMain] trationDelegate$BeanPostProcessorChecker : Bean 'bindersHealthIndicatorListener' of type [org.springframework.cloud.stream.config.BindersHealthIndicatorAutoConfiguration$BindersHealthIndicatorListener] is not eligible for getting processed by all BeanPostProcessors (for example: not eligible for auto-proxying)
2022-09-05 20:36:52.497  INFO [file-service,,,] 44660 --- [restartedMain] trationDelegate$BeanPostProcessorChecker : Bean 'org.springframework.cloud.stream.binder.rabbit.config.ExtendedBindingHandlerMappingsProviderConfiguration' of type [org.springframework.cloud.stream.binder.rabbit.config.ExtendedBindingHandlerMappingsProviderConfiguration$$EnhancerBySpringCGLIB$$1cd63b38] is not eligible for getting processed by all BeanPostProcessors (for example: not eligible for auto-proxying)
2022-09-05 20:36:52.502  INFO [file-service,,,] 44660 --- [restartedMain] trationDelegate$BeanPostProcessorChecker : Bean 'rabbitExtendedPropertiesDefaultMappingsProvider' of type [org.springframework.cloud.stream.binder.rabbit.config.ExtendedBindingHandlerMappingsProviderConfiguration$$Lambda$421/0x000000080108fd40] is not eligible for getting processed by all BeanPostProcessors (for example: not eligible for auto-proxying)
2022-09-05 20:36:52.525  INFO [file-service,,,] 44660 --- [restartedMain] trationDelegate$BeanPostProcessorChecker : Bean 'BindingHandlerAdvise' of type [org.springframework.cloud.stream.config.BindingHandlerAdvise] is not eligible for getting processed by all BeanPostProcessors (for example: not eligible for auto-proxying)
2022-09-05 20:36:52.534  INFO [file-service,,,] 44660 --- [restartedMain] trationDelegate$BeanPostProcessorChecker : Bean 'spelConverter' of type [org.springframework.cloud.stream.config.SpelExpressionConverterConfiguration$SpelConverter] is not eligible for getting processed by all BeanPostProcessors (for example: not eligible for auto-proxying)
2022-09-05 20:36:52.556  INFO [file-service,,,] 44660 --- [restartedMain] trationDelegate$BeanPostProcessorChecker : Bean 'spring.cloud.sentinel-com.alibaba.cloud.sentinel.SentinelProperties' of type [com.alibaba.cloud.sentinel.SentinelProperties] is not eligible for getting processed by all BeanPostProcessors (for example: not eligible for auto-proxying)
2022-09-05 20:36:52.590  INFO [file-service,,,] 44660 --- [restartedMain] trationDelegate$BeanPostProcessorChecker : Bean 'com.alibaba.cloud.sentinel.custom.SentinelAutoConfiguration' of type [com.alibaba.cloud.sentinel.custom.SentinelAutoConfiguration$$EnhancerBySpringCGLIB$$4a9dbefc] is not eligible for getting processed by all BeanPostProcessors (for example: not eligible for auto-proxying)
2022-09-05 20:36:52.604  INFO [file-service,,,] 44660 --- [restartedMain] trationDelegate$BeanPostProcessorChecker : Bean 'integrationDisposableAutoCreatedBeans' of type [org.springframework.integration.config.annotation.Disposables] is not eligible for getting processed by all BeanPostProcessors (for example: not eligible for auto-proxying)
2022-09-05 20:36:52.621  INFO [file-service,,,] 44660 --- [restartedMain] trationDelegate$BeanPostProcessorChecker : Bean 'org.springframework.integration.config.IntegrationManagementConfiguration' of type [org.springframework.integration.config.IntegrationManagementConfiguration$$EnhancerBySpringCGLIB$$91e80c4e] is not eligible for getting processed by all BeanPostProcessors (for example: not eligible for auto-proxying)
2022-09-05 20:36:52.631  INFO [file-service,,,] 44660 --- [restartedMain] trationDelegate$BeanPostProcessorChecker : Bean 'org.springframework.boot.autoconfigure.integration.IntegrationAutoConfiguration$IntegrationJmxConfiguration' of type [org.springframework.boot.autoconfigure.integration.IntegrationAutoConfiguration$IntegrationJmxConfiguration$$EnhancerBySpringCGLIB$$6d7a176e] is not eligible for getting processed by all BeanPostProcessors (for example: not eligible for auto-proxying)
2022-09-05 20:36:52.637  INFO [file-service,,,] 44660 --- [restartedMain] trationDelegate$BeanPostProcessorChecker : Bean 'org.springframework.boot.autoconfigure.jmx.JmxAutoConfiguration' of type [org.springframework.boot.autoconfigure.jmx.JmxAutoConfiguration$$EnhancerBySpringCGLIB$$a661c03b] is not eligible for getting processed by all BeanPostProcessors (for example: not eligible for auto-proxying)
2022-09-05 20:36:52.642  INFO [file-service,,,] 44660 --- [restartedMain] trationDelegate$BeanPostProcessorChecker : Bean 'mbeanServer' of type [com.sun.jmx.mbeanserver.JmxMBeanServer] is not eligible for getting processed by all BeanPostProcessors (for example: not eligible for auto-proxying)
2022-09-05 20:36:52.673  INFO [file-service,,,] 44660 --- [restartedMain] trationDelegate$BeanPostProcessorChecker : Bean 'org.springframework.cloud.autoconfigure.ConfigurationPropertiesRebinderAutoConfiguration' of type [org.springframework.cloud.autoconfigure.ConfigurationPropertiesRebinderAutoConfiguration$$EnhancerBySpringCGLIB$$4310541c] is not eligible for getting processed by all BeanPostProcessors (for example: not eligible for auto-proxying)
2022-09-05 20:36:53.132  INFO [file-service,,,] 44660 --- [restartedMain] o.s.b.w.embedded.tomcat.TomcatWebServer  : Tomcat initialized with port(s): 8011 (http)
2022-09-05 20:36:53.150  INFO [file-service,,,] 44660 --- [restartedMain] o.apache.catalina.core.StandardService   : Starting service [Tomcat]
2022-09-05 20:36:53.150  INFO [file-service,,,] 44660 --- [restartedMain] org.apache.catalina.core.StandardEngine  : Starting Servlet engine: [Apache Tomcat/9.0.27]
2022-09-05 20:36:53.255  INFO [file-service,,,] 44660 --- [restartedMain] o.a.c.c.C.[Tomcat].[localhost].[/]       : Initializing Spring embedded WebApplicationContext
2022-09-05 20:36:53.256  INFO [file-service,,,] 44660 --- [restartedMain] o.s.web.context.ContextLoader            : Root WebApplicationContext: initialization completed in 2095 ms
2022-09-05 20:36:53.272  INFO [file-service,,,] 44660 --- [restartedMain] c.a.c.s.SentinelWebAutoConfiguration     : [Sentinel Starter] register Sentinel CommonFilter with urlPatterns: [/*].
2022-09-05 20:36:54.628  INFO [file-service,,,] 44660 --- [restartedMain] com.alibaba.nacos.client.naming          : initializer namespace from System Property :null
2022-09-05 20:36:54.630  INFO [file-service,,,] 44660 --- [restartedMain] com.alibaba.nacos.client.naming          : initializer namespace from System Environment :null
2022-09-05 20:36:54.630  INFO [file-service,,,] 44660 --- [restartedMain] com.alibaba.nacos.client.naming          : initializer namespace from System Property :null
2022-09-05 20:36:54.763  INFO [file-service,,,] 44660 --- [restartedMain] o.s.s.c.ThreadPoolTaskScheduler          : Initializing ExecutorService 'taskScheduler'
2022-09-05 20:36:55.208  WARN [file-service,,,] 44660 --- [restartedMain] c.n.c.sources.URLConfigurationSource     : No URLs will be polled as dynamic configuration sources.
2022-09-05 20:36:55.208  INFO [file-service,,,] 44660 --- [restartedMain] c.n.c.sources.URLConfigurationSource     : To enable URLs as dynamic configuration sources, define System property archaius.configurationSource.additionalUrls or make config.properties available on classpath.
2022-09-05 20:36:55.212  WARN [file-service,,,] 44660 --- [restartedMain] c.n.c.sources.URLConfigurationSource     : No URLs will be polled as dynamic configuration sources.
2022-09-05 20:36:55.212  INFO [file-service,,,] 44660 --- [restartedMain] c.n.c.sources.URLConfigurationSource     : To enable URLs as dynamic configuration sources, define System property archaius.configurationSource.additionalUrls or make config.properties available on classpath.
2022-09-05 20:36:55.436  INFO [file-service,,,] 44660 --- [restartedMain] o.s.s.concurrent.ThreadPoolTaskExecutor  : Initializing ExecutorService 'applicationTaskExecutor'
2022-09-05 20:36:55.587  INFO [file-service,,,] 44660 --- [restartedMain] o.s.s.c.ThreadPoolTaskScheduler          : Initializing ExecutorService
2022-09-05 20:36:56.150  INFO [file-service,,,] 44660 --- [restartedMain] o.s.b.d.a.OptionalLiveReloadServer       : LiveReload server is running on port 35729
2022-09-05 20:36:57.203  INFO [file-service,,,] 44660 --- [restartedMain] o.s.b.a.e.web.EndpointLinksResolver      : Exposing 28 endpoint(s) beneath base path '/actuator'
2022-09-05 20:36:57.289  INFO [file-service,,,] 44660 --- [restartedMain] o.s.c.s.m.DirectWithAttributesChannel    : Channel 'file-service-1.springCloudBusInput' has 1 subscriber(s).
2022-09-05 20:36:57.374  INFO [file-service,,,] 44660 --- [restartedMain] o.s.i.monitor.IntegrationMBeanExporter   : Registering MessageChannel nullChannel
2022-09-05 20:36:57.385  INFO [file-service,,,] 44660 --- [restartedMain] o.s.i.monitor.IntegrationMBeanExporter   : Registering MessageChannel springCloudBusInput
2022-09-05 20:36:57.419  INFO [file-service,,,] 44660 --- [restartedMain] o.s.i.monitor.IntegrationMBeanExporter   : Registering MessageChannel errorChannel
2022-09-05 20:36:57.440  INFO [file-service,,,] 44660 --- [restartedMain] o.s.i.monitor.IntegrationMBeanExporter   : Registering MessageChannel springCloudBusOutput
2022-09-05 20:36:57.448  INFO [file-service,,,] 44660 --- [restartedMain] o.s.i.monitor.IntegrationMBeanExporter   : Registering MessageHandler errorLogger
2022-09-05 20:36:57.459  INFO [file-service,,,] 44660 --- [restartedMain] o.s.i.monitor.IntegrationMBeanExporter   : Registering MessageHandler org.springframework.cloud.stream.binding.StreamListenerMessageHandler@600b8404
2022-09-05 20:36:57.504  INFO [file-service,,,] 44660 --- [restartedMain] o.s.i.endpoint.EventDrivenConsumer       : Adding {logging-channel-adapter:_org.springframework.integration.errorLogger} as a subscriber to the 'errorChannel' channel
2022-09-05 20:36:57.504  INFO [file-service,,,] 44660 --- [restartedMain] o.s.i.channel.PublishSubscribeChannel    : Channel 'file-service-1.errorChannel' has 1 subscriber(s).
2022-09-05 20:36:57.504  INFO [file-service,,,] 44660 --- [restartedMain] o.s.i.endpoint.EventDrivenConsumer       : started _org.springframework.integration.errorLogger
2022-09-05 20:36:57.974  INFO [file-service,,,] 44660 --- [restartedMain] b.c.PropertySourceBootstrapConfiguration : Located property source: CompositePropertySource {name='NACOS', propertySources=[NacosPropertySource {name='file-service.yml'}]}
2022-09-05 20:36:58.039  INFO [file-service,,,] 44660 --- [restartedMain] c.a.n.client.config.impl.ClientWorker    : [fixed-localhost_8848] [subscribe] file-service.yml+DEFAULT_GROUP
2022-09-05 20:36:58.040  INFO [file-service,,,] 44660 --- [restartedMain] c.a.nacos.client.config.impl.CacheData   : [fixed-localhost_8848] [add-listener] ok, tenant=, dataId=file-service.yml, group=DEFAULT_GROUP, cnt=1
2022-09-05 20:36:58.062  INFO [file-service,,,] 44660 --- [restartedMain] o.s.a.r.c.CachingConnectionFactory       : Attempting to connect to: [localhost:5672]
2022-09-05 20:36:58.136  INFO [file-service,,,] 44660 --- [restartedMain] o.s.a.r.c.CachingConnectionFactory       : Created new connection: rabbitConnectionFactory#25318b31:0/SimpleConnection@6e90b2d2 [delegate=amqp://guest@127.0.0.1:5672/, localPort= 13817]
2022-09-05 20:36:58.175  INFO [file-service,,,] 44660 --- [restartedMain] o.s.c.s.m.DirectWithAttributesChannel    : Channel 'file-service-1.springCloudBusOutput' has 1 subscriber(s).
2022-09-05 20:36:58.189  INFO [file-service,,,] 44660 --- [restartedMain] c.s.b.r.p.RabbitExchangeQueueProvisioner : declaring queue for inbound: springCloudBus.anonymous.zc3tRcykSemK--ed7Fja7Q, bound to: springCloudBus
2022-09-05 20:36:58.235  INFO [file-service,,,] 44660 --- [restartedMain] o.s.i.monitor.IntegrationMBeanExporter   : Registering MessageChannel springCloudBus.anonymous.zc3tRcykSemK--ed7Fja7Q.errors
2022-09-05 20:36:58.253  INFO [file-service,,,] 44660 --- [restartedMain] o.s.c.stream.binder.BinderErrorChannel   : Channel 'file-service-1.springCloudBus.anonymous.zc3tRcykSemK--ed7Fja7Q.errors' has 1 subscriber(s).
2022-09-05 20:36:58.253  INFO [file-service,,,] 44660 --- [restartedMain] o.s.c.stream.binder.BinderErrorChannel   : Channel 'file-service-1.springCloudBus.anonymous.zc3tRcykSemK--ed7Fja7Q.errors' has 2 subscriber(s).
2022-09-05 20:36:58.283  INFO [file-service,,,] 44660 --- [restartedMain] o.s.i.a.i.AmqpInboundChannelAdapter      : started inbound.springCloudBus.anonymous.zc3tRcykSemK--ed7Fja7Q
2022-09-05 20:36:58.328  INFO [file-service,,,] 44660 --- [restartedMain] o.s.b.w.embedded.tomcat.TomcatWebServer  : Tomcat started on port(s): 8011 (http) with context path ''
2022-09-05 20:36:58.332  INFO [file-service,,,] 44660 --- [restartedMain] com.alibaba.nacos.client.naming          : [BEAT] adding beat: {"cluster":"DEFAULT","ip":"192.168.31.213","metadata":{"preserved.register.source":"SPRING_CLOUD"},"period":5000,"port":8011,"scheduled":false,"serviceName":"DEFAULT_GROUP@@file-service","stopped":false,"weight":1.0} to beat map.
2022-09-05 20:36:58.381  INFO [file-service,,,] 44660 --- [restartedMain] com.alibaba.nacos.client.naming          : [REGISTER-SERVICE] public registering service DEFAULT_GROUP@@file-service with instance: {"clusterName":"DEFAULT","enabled":true,"ephemeral":true,"healthy":true,"instanceHeartBeatInterval":5000,"instanceHeartBeatTimeOut":15000,"ip":"192.168.31.213","ipDeleteTimeout":30000,"metadata":{"preserved.register.source":"SPRING_CLOUD"},"port":8011,"weight":1.0}
2022-09-05 20:36:58.435  INFO [file-service,,,] 44660 --- [restartedMain] c.a.c.n.registry.NacosServiceRegistry    : nacos registry, file-service 192.168.31.213:8011 register finished
2022-09-05 20:36:58.437  INFO [file-service,,,] 44660 --- [restartedMain] c.y.m.f.FileServiceApplication           : Started FileServiceApplication in 9.017 seconds (JVM running for 9.698)
2022-09-05 20:36:58.747  INFO [file-service,,,] 44660 --- [RMI TCP Connection(2)-192.168.31.213] o.a.c.c.C.[Tomcat].[localhost].[/]       : Initializing Spring DispatcherServlet 'dispatcherServlet'
2022-09-05 20:36:58.747  INFO [file-service,,,] 44660 --- [RMI TCP Connection(2)-192.168.31.213] o.s.web.servlet.DispatcherServlet        : Initializing Servlet 'dispatcherServlet'
2022-09-05 20:36:58.761  INFO [file-service,,,] 44660 --- [RMI TCP Connection(2)-192.168.31.213] o.s.web.servlet.DispatcherServlet        : Completed initialization in 14 ms
2022-09-05 20:36:58.901  INFO [file-service,dac69615ef110644,dac69615ef110644,false] 44660 --- [parallel-1] io.lettuce.core.EpollProvider            : Starting without optional epoll library
2022-09-05 20:36:58.902  INFO [file-service,dac69615ef110644,dac69615ef110644,false] 44660 --- [parallel-1] io.lettuce.core.KqueueProvider           : Starting without optional kqueue library
